Flutter crash report.
Please report a bug at https://github.com/flutter/flutter/issues.

## command

flutter run

## exception

ExistingDartDevelopmentServiceException: DartDevelopmentServiceException: JSON-RPC error 100: Existing VM service clients prevent DDS from taking control.

```
```

## flutter doctor

```
[32m[✓][39m Flutter (Channel stable, 3.32.4, on Microsoft Windows [Version 10.0.26100.4351], locale en-IN) [1,019ms]
    [32m•[39m Flutter version 3.32.4 on channel stable at C:\flutter
    [32m•[39m Upstream repository https://github.com/flutter/flutter.git
    [32m•[39m Framework revision 6fba2447e9 (2 weeks ago), 2025-06-12 19:03:56 -0700
    [32m•[39m Engine revision 8cd19e509d
    [32m•[39m Dart version 3.8.1
    [32m•[39m DevTools version 2.45.1

[32m[✓][39m Windows Version (11 Home Single Language 64-bit, 24H2, 2009) [7.8s]

[33m[!][39m Android toolchain - develop for Android devices (Android SDK version 35.0.1) [182ms]
    [32m•[39m Android SDK at C:\Users\ABRAR UL HAQ\AppData\Local\Android\Sdk
    [32m•[39m Platform android-35, build-tools 35.0.1
    [32m•[39m ANDROID_HOME = C:\Users\ABRAR UL HAQ\AppData\Local\Android\Sdk
    [31m✗[39m Android SDK file not found: C:\Users\ABRAR UL HAQ\AppData\Local\Android\Sdk\build-tools\35.0.1\aapt.
    [32m•[39m Try re-installing or updating your Android SDK,
      visit https://flutter.dev/to/windows-android-setup for detailed instructions.

[32m[✓][39m Chrome - develop for the web [36ms]
    [32m•[39m Chrome at C:\Program Files\Google\Chrome\Application\chrome.exe

[31m[✗][39m Visual Studio - develop Windows apps [34ms]
    [31m✗[39m Visual Studio not installed; this is necessary to develop Windows apps.
      Download at https://visualstudio.microsoft.com/downloads/.
      Please install the "Desktop development with C++" workload, including all of its default components

[33m[!][39m Android Studio (version 2020.3) [23ms]
    [32m•[39m Android Studio at C:\Program Files\Android\Android Studio
    [32m•[39m Flutter plugin can be installed from:
      🔨 https://plugins.jetbrains.com/plugin/9212-flutter
    [32m•[39m Dart plugin can be installed from:
      🔨 https://plugins.jetbrains.com/plugin/6351-dart
    [31m✗[39m Unable to determine bundled Java version.
    [32m•[39m Try updating or re-installing Android Studio.

[32m[✓][39m Android Studio (version 2025.1.1) [16ms]
    [32m•[39m Android Studio at C:\Program Files\Android\Android Studio2
    [32m•[39m Flutter plugin can be installed from:
      🔨 https://plugins.jetbrains.com/plugin/9212-flutter
    [32m•[39m Dart plugin can be installed from:
      🔨 https://plugins.jetbrains.com/plugin/6351-dart
    [32m•[39m Java version OpenJDK Runtime Environment (build 21.0.6+-13391695-b895.109)

[32m[✓][39m VS Code (version 1.101.2) [14ms]
    [32m•[39m VS Code at C:\Users\ABRAR UL HAQ\AppData\Local\Programs\Microsoft VS Code
    [32m•[39m Flutter extension version 3.112.0

[32m[✓][39m Connected device (3 available) [316ms]
    [32m•[39m Windows (desktop) • windows • windows-x64    • Microsoft Windows [Version 10.0.26100.4351]
    [32m•[39m Chrome (web)      • chrome  • web-javascript • Google Chrome 137.0.7151.120
    [32m•[39m Edge (web)        • edge    • web-javascript • Microsoft Edge 138.0.3351.55

[32m[✓][39m Network resources [706ms]
    [32m•[39m All expected network resources are available.

[33m![39m Doctor found issues in 3 categories.
```
